#
# A fatal error has been detected by the Java Runtime Environment:
#
#  EXCEPTION_ACCESS_VIOLATION (0xc0000005) at pc=0x0000000066216f93, pid=9428, tid=0x0000000000001780
#
# JRE version: Java(TM) SE Runtime Environment (8.0_102-b14) (build 1.8.0_102-b14)
# Java VM: Java HotSpot(TM) 64-Bit Server VM (25.102-b14 mixed mode windows-amd64 compressed oops)
# Problematic frame:
# V  [jvm.dll+0x216f93]
#
# Failed to write core dump. Minidumps are not enabled by default on client versions of Windows
#
# If you would like to submit a bug report, please visit:
#   http://bugreport.java.com/bugreport/crash.jsp
#

---------------  T H R E A D  ---------------

Current thread (0x000000001ae01000):  JavaThread "JDWP Transport Listener: dt_socket" daemon [_thread_in_vm, id=6016, stack(0x000000001b8c0000,0x000000001b9c0000)]

siginfo: ExceptionCode=0xc0000005, reading address 0x0000000000000b58

Registers:
RAX=0x0000000000000b00, RBX=0x0000000000000b00, RCX=0x0000000000000000, RDX=0x0000000020a1fad0
RSP=0x000000001b9bf2e0, RBP=0x0000000000000000, RSI=0x0000000000000006, RDI=0x0000000020a1fad0
R8 =0x0000000000000b00, R9 =0x000000001ae01000, R10=0x0000000000000000, R11=0x0000000000000000
R12=0x0000000000000000, R13=0x000000001ae07698, R14=0x0000000000000000, R15=0x0000000000000000
RIP=0x0000000066216f93, EFLAGS=0x0000000000010206

Top of Stack: (sp=0x000000001b9bf2e0)
0x000000001b9bf2e0:   000000001ae01000 0000000020a1fad0
0x000000001b9bf2f0:   000000001b9bf3f8 00000000661bfdb7
0x000000001b9bf300:   00000000219ec000 00000000661a3887
0x000000001b9bf310:   0000000020a1fad0 000000001b9bf3f8
0x000000001b9bf320:   0000000000000006 00000000661a959a
0x000000001b9bf330:   00000000219ec000 00000000661a5719
0x000000001b9bf340:   0000000000000005 0000000000000000
0x000000001b9bf350:   000000001b9bf430 000000006127101e
0x000000001b9bf360:   000000001b9bf3f8 0000000066333098
0x000000001b9bf370:   000000001ae01000 0000000002188b80
0x000000001b9bf380:   000000001ae0f808 000000006613ded0
0x000000001b9bf390:   000000001ae01000 0000000000000000
0x000000001b9bf3a0:   0000000000000000 0000000000000000
0x000000001b9bf3b0:   000000001b9bf430 000000006126d38b
0x000000001b9bf3c0:   000000001b9bf438 000000001ae0f808
0x000000001b9bf3d0:   000000001ae0f808 0000000000000000 

Instructions: (pc=0x0000000066216f93)
0x0000000066216f73:   79 60 00 00 4c 8b 1f 49 f7 c3 fe ff ff ff 74 32
0x0000000066216f83:   41 f6 c3 01 74 89 eb 2a 48 83 e3 fe 48 89 5f 10
0x0000000066216f93:   48 8b 43 58 48 89 47 10 48 89 5f 18 e8 4c 60 00
0x0000000066216fa3:   00 4c 8b 1f 41 f6 c3 01 75 08 48 8b cb e8 2b 16 


Register to memory mapping:

RAX=0x0000000000000b00 is an unknown value
RBX=0x0000000000000b00 is an unknown value
RCX=0x0000000000000000 is an unknown value
RDX=0x0000000020a1fad0 is an unknown value
RSP=0x000000001b9bf2e0 is pointing into the stack for thread: 0x000000001ae01000
RBP=0x0000000000000000 is an unknown value
RSI=0x0000000000000006 is an unknown value
RDI=0x0000000020a1fad0 is an unknown value
R8 =0x0000000000000b00 is an unknown value
R9 =0x000000001ae01000 is a thread
R10=0x0000000000000000 is an unknown value
R11=0x0000000000000000 is an unknown value
R12=0x0000000000000000 is an unknown value
R13=0x000000001ae07698 is an unknown value
R14=0x0000000000000000 is an unknown value
R15=0x0000000000000000 is an unknown value


Stack: [0x000000001b8c0000,0x000000001b9c0000],  sp=0x000000001b9bf2e0,  free space=1020k
Native frames: (J=compiled Java code, j=interpreted, Vv=VM code, C=native code)


---------------  P R O C E S S  ---------------

Java Threads: ( => current thread )
  0x00000000219eb000 JavaThread "RMI TCP Connection(7)-169.254.97.103" daemon [_thread_in_native, id=9748, stack(0x0000000022cd0000,0x0000000022dd0000)]
  0x00000000219ea800 JavaThread "RMI TCP Connection(5)-169.254.97.103" daemon [_thread_in_native, id=10088, stack(0x0000000022940000,0x0000000022a40000)]
  0x00000000219e9800 JavaThread "RMI TCP Connection(6)-169.254.97.103" daemon [_thread_in_native, id=9916, stack(0x000000001f340000,0x000000001f440000)]
  0x00000000219e9000 JavaThread "RMI Scheduler(0)" daemon [_thread_blocked, id=10112, stack(0x0000000020620000,0x0000000020720000)]
  0x00000000219e8000 JavaThread "RMI TCP Connection(2)-169.254.97.103" daemon [_thread_in_native, id=10116, stack(0x0000000020490000,0x0000000020590000)]
  0x000000001d391800 JavaThread "RMI TCP Accept-0" daemon [_thread_in_native, id=10080, stack(0x000000001ef80000,0x000000001f080000)]
  0x000000001c2cc800 JavaThread "Service Thread" daemon [_thread_blocked, id=8904, stack(0x000000001cb30000,0x000000001cc30000)]
  0x000000001c263800 JavaThread "C1 CompilerThread2" daemon [_thread_blocked, id=8972, stack(0x000000001ca30000,0x000000001cb30000)]
  0x000000001c262800 JavaThread "C2 CompilerThread1" daemon [_thread_blocked, id=9928, stack(0x000000001c850000,0x000000001c950000)]
  0x000000001c25f000 JavaThread "C2 CompilerThread0" daemon [_thread_blocked, id=9932, stack(0x000000001ba80000,0x000000001bb80000)]
  0x000000001ae11800 JavaThread "JDWP Command Reader" daemon [_thread_in_native, id=5696, stack(0x000000001be60000,0x000000001bf60000)]
  0x000000001ae0c000 JavaThread "JDWP Event Helper Thread" daemon [_thread_blocked, id=9564, stack(0x000000001bc50000,0x000000001bd50000)]
=>0x000000001ae01000 JavaThread "JDWP Transport Listener: dt_socket" daemon [_thread_in_vm, id=6016, stack(0x000000001b8c0000,0x000000001b9c0000)]
  0x000000001ade3800 JavaThread "Attach Listener" daemon [_thread_blocked, id=9552, stack(0x000000001b420000,0x000000001b520000)]
  0x000000001ade3000 JavaThread "Signal Dispatcher" daemon [_thread_blocked, id=6276, stack(0x000000001b2b0000,0x000000001b3b0000)]
  0x00000000197f2800 JavaThread "Finalizer" daemon [_thread_blocked, id=9524, stack(0x000000001acd0000,0x000000001add0000)]
  0x00000000197ab000 JavaThread "Reference Handler" daemon [_thread_blocked, id=9512, stack(0x000000001a840000,0x000000001a940000)]
  0x00000000021ca000 JavaThread "main" [_thread_blocked, id=9480, stack(0x0000000002340000,0x0000000002440000)]

Other Threads:
  0x00000000197a3800 VMThread [stack: 0x000000001a9e0000,0x000000001aae0000] [id=9516]
  0x000000001c375000 WatcherThread [stack: 0x000000001aaf0000,0x000000001abf0000] [id=7540]

VM state:synchronizing (normal execution)

VM Mutex/Monitor currently owned by a thread:  ([mutex/lock_event])
[0x00000000021c8a00] Threads_lock - owner thread: 0x00000000197a3800

Heap:
 PSYoungGen      total 106496K, used 92276K [0x0000000780980000, 0x000000078d980000, 0x00000007c0000000)
  eden space 98304K, 93% used [0x0000000780980000,0x000000078639d0e0,0x0000000786980000)
  from space 8192K, 0% used [0x0000000786980000,0x0000000786980000,0x0000000787180000)
  to   space 8192K, 0% used [0x000000078d180000,0x000000078d180000,0x000000078d980000)
 ParOldGen       total 65024K, used 10149K [0x0000000701c00000, 0x0000000705b80000, 0x0000000780980000)
  object space 65024K, 15% used [0x0000000701c00000,0x00000007025e9450,0x0000000705b80000)
 Metaspace       used 22480K, capacity 23002K, committed 23344K, reserved 1069056K
  class space    used 2681K, capacity 2853K, committed 2944K, reserved 1048576K

Card table byte_map: [0x0000000011940000,0x0000000011f40000] byte_map_base: 0x000000000e132000

Marking Bits: (ParMarkBitMap*) 0x000000006681a6c0
 Begin Bits: [0x00000000128f0000, 0x0000000015880000)
 End Bits:   [0x0000000015880000, 0x0000000018810000)

Polling page: 0x0000000000330000

CodeCache: size=245760Kb used=7432Kb max_used=7547Kb free=238327Kb
 bounds [0x0000000002580000, 0x0000000002cf0000, 0x0000000011580000]
 total_blobs=2282 nmethods=1888 adapters=315
 compilation: enabled

Compilation events (10 events):
Event: 30.645 Thread 0x000000001c263800 2075       3       java.security.AccessControlContext::calculateFields (89 bytes)
Event: 30.645 Thread 0x000000001c263800 nmethod 2075 0x0000000002b74e90 code [0x0000000002b75020, 0x0000000002b753f8]
Event: 30.645 Thread 0x000000001c263800 2076       3       java.util.LinkedList::getLast (22 bytes)
Event: 30.645 Thread 0x000000001c263800 nmethod 2076 0x0000000002b749d0 code [0x0000000002b74b40, 0x0000000002b74d68]
Event: 30.649 Thread 0x000000001c263800 2077       3       java.util.concurrent.locks.ReentrantReadWriteLock$Sync::tryAcquireShared (177 bytes)
Event: 30.650 Thread 0x000000001c263800 nmethod 2077 0x00000000029d0610 code [0x00000000029d0840, 0x00000000029d1948]
Event: 30.650 Thread 0x000000001c263800 2079  s    3       java.lang.Throwable::getOurStackTrace (80 bytes)
Event: 30.651 Thread 0x000000001c263800 nmethod 2079 0x0000000002b73d50 code [0x0000000002b73f00, 0x0000000002b74778]
Event: 30.651 Thread 0x000000001c263800 2078       3       java.util.concurrent.locks.ReentrantReadWriteLock$Sync::tryReleaseShared (147 bytes)
Event: 30.652 Thread 0x000000001c263800 nmethod 2078 0x00000000029cf010 code [0x00000000029cf220, 0x00000000029cff28]

GC Heap History (8 events):
Event: 5.190 GC heap before
{Heap before GC invocations=1 (full 0):
 PSYoungGen      total 57344K, used 49152K [0x0000000780980000, 0x0000000784980000, 0x00000007c0000000)
  eden space 49152K, 100% used [0x0000000780980000,0x0000000783980000,0x0000000783980000)
  from space 8192K, 0% used [0x0000000784180000,0x0000000784180000,0x0000000784980000)
  to   space 8192K, 0% used [0x0000000783980000,0x0000000783980000,0x0000000784180000)
 ParOldGen       total 131072K, used 0K [0x0000000701c00000, 0x0000000709c00000, 0x0000000780980000)
  object space 131072K, 0% used [0x0000000701c00000,0x0000000701c00000,0x0000000709c00000)
 Metaspace       used 11006K, capacity 11216K, committed 11392K, reserved 1058816K
  class space    used 1238K, capacity 1292K, committed 1408K, reserved 1048576K
Event: 5.934 GC heap after
Heap after GC invocations=1 (full 0):
 PSYoungGen      total 57344K, used 5116K [0x0000000780980000, 0x0000000787980000, 0x00000007c0000000)
  eden space 49152K, 0% used [0x0000000780980000,0x0000000780980000,0x0000000783980000)
  from space 8192K, 62% used [0x0000000783980000,0x0000000783e7f3a8,0x0000000784180000)
  to   space 8192K, 0% used [0x0000000787180000,0x0000000787180000,0x0000000787980000)
 ParOldGen       total 131072K, used 16K [0x0000000701c00000, 0x0000000709c00000, 0x0000000780980000)
  object space 131072K, 0% used [0x0000000701c00000,0x0000000701c04000,0x0000000709c00000)
 Metaspace       used 11006K, capacity 11216K, committed 11392K, reserved 1058816K
  class space    used 1238K, capacity 1292K, committed 1408K, reserved 1048576K
}
Event: 6.939 GC heap before
{Heap before GC invocations=2 (full 0):
 PSYoungGen      total 57344K, used 54268K [0x0000000780980000, 0x0000000787980000, 0x00000007c0000000)
  eden space 49152K, 100% used [0x0000000780980000,0x0000000783980000,0x0000000783980000)
  from space 8192K, 62% used [0x0000000783980000,0x0000000783e7f3a8,0x0000000784180000)
  to   space 8192K, 0% used [0x0000000787180000,0x0000000787180000,0x0000000787980000)
 ParOldGen       total 131072K, used 16K [0x0000000701c00000, 0x0000000709c00000, 0x0000000780980000)
  object space 131072K, 0% used [0x0000000701c00000,0x0000000701c04000,0x0000000709c00000)
 Metaspace       used 14432K, capacity 14764K, committed 14848K, reserved 1062912K
  class space    used 1685K, capacity 1784K, committed 1792K, reserved 1048576K
Event: 7.080 GC heap after
Heap after GC invocations=2 (full 0):
 PSYoungGen      total 106496K, used 5680K [0x0000000780980000, 0x0000000787980000, 0x00000007c0000000)
  eden space 98304K, 0% used [0x0000000780980000,0x0000000780980000,0x0000000786980000)
  from space 8192K, 69% used [0x0000000787180000,0x000000078770c0e8,0x0000000787980000)
  to   space 8192K, 0% used [0x0000000786980000,0x0000000786980000,0x0000000787180000)
 ParOldGen       total 131072K, used 16K [0x0000000701c00000, 0x0000000709c00000, 0x0000000780980000)
  object space 131072K, 0% used [0x0000000701c00000,0x0000000701c04000,0x0000000709c00000)
 Metaspace       used 14432K, capacity 14764K, committed 14848K, reserved 1062912K
  class space    used 1685K, capacity 1784K, committed 1792K, reserved 1048576K
}
Event: 8.983 GC heap before
{Heap before GC invocations=3 (full 0):
 PSYoungGen      total 106496K, used 103932K [0x0000000780980000, 0x0000000787980000, 0x00000007c0000000)
  eden space 98304K, 99% used [0x0000000780980000,0x0000000786973020,0x0000000786980000)
  from space 8192K, 69% used [0x0000000787180000,0x000000078770c0e8,0x0000000787980000)
  to   space 8192K, 0% used [0x0000000786980000,0x0000000786980000,0x0000000787180000)
 ParOldGen       total 131072K, used 16K [0x0000000701c00000, 0x0000000709c00000, 0x0000000780980000)
  object space 131072K, 0% used [0x0000000701c00000,0x0000000701c04000,0x0000000709c00000)
 Metaspace       used 20785K, capacity 21190K, committed 21296K, reserved 1069056K
  class space    used 2494K, capacity 2651K, committed 2688K, reserved 1048576K
Event: 9.000 GC heap after
Heap after GC invocations=3 (full 0):
 PSYoungGen      total 106496K, used 8160K [0x0000000780980000, 0x000000078d980000, 0x00000007c0000000)
  eden space 98304K, 0% used [0x0000000780980000,0x0000000780980000,0x0000000786980000)
  from space 8192K, 99% used [0x0000000786980000,0x0000000787178118,0x0000000787180000)
  to   space 8192K, 0% used [0x000000078d180000,0x000000078d180000,0x000000078d980000)
 ParOldGen       total 131072K, used 2359K [0x0000000701c00000, 0x0000000709c00000, 0x0000000780980000)
  object space 131072K, 1% used [0x0000000701c00000,0x0000000701e4dfe0,0x0000000709c00000)
 Metaspace       used 20785K, capacity 21190K, committed 21296K, reserved 1069056K
  class space    used 2494K, capacity 2651K, committed 2688K, reserved 1048576K
}
Event: 9.000 GC heap before
{Heap before GC invocations=4 (full 1):
 PSYoungGen      total 106496K, used 8160K [0x0000000780980000, 0x000000078d980000, 0x00000007c0000000)
  eden space 98304K, 0% used [0x0000000780980000,0x0000000780980000,0x0000000786980000)
  from space 8192K, 99% used [0x0000000786980000,0x0000000787178118,0x0000000787180000)
  to   space 8192K, 0% used [0x000000078d180000,0x000000078d180000,0x000000078d980000)
 ParOldGen       total 131072K, used 2359K [0x0000000701c00000, 0x0000000709c00000, 0x0000000780980000)
  object space 131072K, 1% used [0x0000000701c00000,0x0000000701e4dfe0,0x0000000709c00000)
 Metaspace       used 20785K, capacity 21190K, committed 21296K, reserved 1069056K
  class space    used 2494K, capacity 2651K, committed 2688K, reserved 1048576K
Event: 9.047 GC heap after
Heap after GC invocations=4 (full 1):
 PSYoungGen      total 106496K, used 0K [0x0000000780980000, 0x000000078d980000, 0x00000007c0000000)
  eden space 98304K, 0% used [0x0000000780980000,0x0000000780980000,0x0000000786980000)
  from space 8192K, 0% used [0x0000000786980000,0x0000000786980000,0x0000000787180000)
  to   space 8192K, 0% used [0x000000078d180000,0x000000078d180000,0x000000078d980000)
 ParOldGen       total 65024K, used 10149K [0x0000000701c00000, 0x0000000705b80000, 0x0000000780980000)
  object space 65024K, 15% used [0x0000000701c00000,0x00000007025e9450,0x0000000705b80000)
 Metaspace       used 20785K, capacity 21190K, committed 21296K, reserved 1069056K
  class space    used 2494K, capacity 2651K, committed 2688K, reserved 1048576K
}

Deoptimization events (10 events):
Event: 8.270 Thread 0x000000001ed28800 Uncommon trap: reason=unstable_if action=reinterpret pc=0x0000000002aeea70 method=org.eclipse.jdt.launching.internal.org.objectweb.asm.MethodWriter.visitFrame(II[Ljava/lang/Object;I[Ljava/lang/Object;)V @ 758
Event: 8.506 Thread 0x000000001ed28800 Uncommon trap: reason=unstable_if action=reinterpret pc=0x0000000002bf4ee4 method=com.sun.org.apache.xerces.internal.impl.XMLEntityScanner.skipSpaces()Z @ 125
Event: 8.549 Thread 0x000000001ed28800 Uncommon trap: reason=unstable_if action=reinterpret pc=0x0000000002bf3770 method=com.sun.org.apache.xerces.internal.impl.XMLEntityScanner.scanLiteral(ILcom/sun/org/apache/xerces/internal/xni/XMLString;Z)I @ 44
Event: 8.979 Thread 0x000000001ade3800 Uncommon trap: reason=unstable_if action=reinterpret pc=0x000000000277ba60 method=java.io.WinNTFileSystem.normalize(Ljava/lang/String;)Ljava/lang/String; @ 128
Event: 9.110 Thread 0x000000001ade3800 Uncommon trap: reason=bimorphic action=maybe_recompile pc=0x0000000002a4c250 method=java.io.DataOutputStream.write([BII)V @ 7
Event: 9.111 Thread 0x000000001ade3800 Uncommon trap: reason=bimorphic action=maybe_recompile pc=0x0000000002a4c250 method=java.io.DataOutputStream.write([BII)V @ 7
Event: 9.123 Thread 0x000000001ade3800 Uncommon trap: reason=unstable_if action=reinterpret pc=0x0000000002bf68d8 method=java.util.concurrent.ConcurrentHashMap.putVal(Ljava/lang/Object;Ljava/lang/Object;Z)Ljava/lang/Object; @ 206
Event: 9.634 Thread 0x00000000219e8000 Uncommon trap: reason=bimorphic action=maybe_recompile pc=0x0000000002a4c250 method=java.io.DataOutputStream.write([BII)V @ 7
Event: 9.696 Thread 0x00000000219e8000 Uncommon trap: reason=bimorphic action=maybe_recompile pc=0x0000000002a4c250 method=java.io.DataOutputStream.write([BII)V @ 7
Event: 11.568 Thread 0x00000000219e8000 Uncommon trap: reason=unstable_if action=reinterpret pc=0x0000000002cbc4f0 method=java.io.BufferedInputStream.read()I @ 23

Internal exceptions (10 events):
Event: 29.545 Thread 0x00000000219e9800 Exception <a 'java/security/PrivilegedActionException'> (0x00000007850e84f8) thrown at [C:\re\workspace\8-2-build-windows-amd64-cygwin\jdk8u102\7268\hotspot\src\share\vm\prims\jvm.cpp, line 1386]
Event: 29.633 Thread 0x00000000219e9800 Exception <a 'java/security/PrivilegedActionException'> (0x0000000785102d98) thrown at [C:\re\workspace\8-2-build-windows-amd64-cygwin\jdk8u102\7268\hotspot\src\share\vm\prims\jvm.cpp, line 1386]
Event: 29.732 Thread 0x00000000219e9800 Exception <a 'java/security/PrivilegedActionException'> (0x00000007858cb8d0) thrown at [C:\re\workspace\8-2-build-windows-amd64-cygwin\jdk8u102\7268\hotspot\src\share\vm\prims\jvm.cpp, line 1386]
Event: 29.797 Thread 0x00000000219e9800 Exception <a 'java/security/PrivilegedActionException'> (0x00000007858e6218) thrown at [C:\re\workspace\8-2-build-windows-amd64-cygwin\jdk8u102\7268\hotspot\src\share\vm\prims\jvm.cpp, line 1386]
Event: 29.866 Thread 0x00000000219e9800 Exception <a 'java/security/PrivilegedActionException'> (0x0000000785900ae0) thrown at [C:\re\workspace\8-2-build-windows-amd64-cygwin\jdk8u102\7268\hotspot\src\share\vm\prims\jvm.cpp, line 1386]
Event: 29.949 Thread 0x00000000219e9800 Exception <a 'java/security/PrivilegedActionException'> (0x000000078591b3a8) thrown at [C:\re\workspace\8-2-build-windows-amd64-cygwin\jdk8u102\7268\hotspot\src\share\vm\prims\jvm.cpp, line 1386]
Event: 30.254 Thread 0x00000000219eb000 Exception <a 'java/security/PrivilegedActionException'> (0x0000000785df9ab8) thrown at [C:\re\workspace\8-2-build-windows-amd64-cygwin\jdk8u102\7268\hotspot\src\share\vm\prims\jvm.cpp, line 1386]
Event: 30.529 Thread 0x00000000219eb000 Exception <a 'java/security/PrivilegedActionException'> (0x0000000785e143b8) thrown at [C:\re\workspace\8-2-build-windows-amd64-cygwin\jdk8u102\7268\hotspot\src\share\vm\prims\jvm.cpp, line 1386]
Event: 30.585 Thread 0x00000000219eb000 Exception <a 'java/security/PrivilegedActionException'> (0x0000000785e2ecf0) thrown at [C:\re\workspace\8-2-build-windows-amd64-cygwin\jdk8u102\7268\hotspot\src\share\vm\prims\jvm.cpp, line 1386]
Event: 30.649 Thread 0x00000000219eb000 Exception <a 'java/security/PrivilegedActionException'> (0x0000000785e495b8) thrown at [C:\re\workspace\8-2-build-windows-amd64-cygwin\jdk8u102\7268\hotspot\src\share\vm\prims\jvm.cpp, line 1386]

Events (10 events):
Event: 30.639 Thread 0x00000000219eb000 DEOPT UNPACKING pc=0x00000000025c787f sp=0x0000000022dcd258 mode 1
Event: 30.639 Thread 0x00000000219eb000 DEOPT PACKING pc=0x0000000002779ec4 sp=0x0000000022dcd5f0
Event: 30.639 Thread 0x00000000219eb000 DEOPT UNPACKING pc=0x00000000025c787f sp=0x0000000022dcd3d0 mode 1
Event: 30.640 Thread 0x00000000219ec000 Thread exited: 0x00000000219ec000
Event: 30.644 Thread 0x00000000219ec000 Thread added: 0x00000000219ec000
Event: 30.649 Thread 0x00000000219eb000 DEOPT PACKING pc=0x00000000026f7cdc sp=0x0000000022dcd5a0
Event: 30.649 Thread 0x00000000219eb000 DEOPT UNPACKING pc=0x00000000025c787f sp=0x0000000022dcd258 mode 1
Event: 30.649 Thread 0x00000000219eb000 DEOPT PACKING pc=0x0000000002779ec4 sp=0x0000000022dcd5f0
Event: 30.649 Thread 0x00000000219eb000 DEOPT UNPACKING pc=0x00000000025c787f sp=0x0000000022dcd3d0 mode 1
Event: 30.652 Thread 0x00000000219ec000 Thread exited: 0x00000000219ec000


Dynamic libraries:
0x000000013fa80000 - 0x000000013fab7000 	E:\Program Files\Java\jdk1.8.0_102\bin\javaw.exe
0x0000000076fd0000 - 0x000000007717a000 	C:\Windows\SYSTEM32\ntdll.dll
0x0000000076eb0000 - 0x0000000076fcf000 	C:\Windows\system32\kernel32.dll
0x000007fefce40000 - 0x000007fefceaa000 	C:\Windows\system32\KERNELBASE.dll
0x000007fefee50000 - 0x000007fefef2b000 	C:\Windows\system32\ADVAPI32.dll
0x000007fefe9b0000 - 0x000007fefea4f000 	C:\Windows\system32\msvcrt.dll
0x000007fefed90000 - 0x000007fefedaf000 	C:\Windows\SYSTEM32\sechost.dll
0x000007fefd050000 - 0x000007fefd17d000 	C:\Windows\system32\RPCRT4.dll
0x0000000076c70000 - 0x0000000076d6a000 	C:\Windows\system32\USER32.dll
0x000007fefed20000 - 0x000007fefed87000 	C:\Windows\system32\GDI32.dll
0x000007fefd610000 - 0x000007fefd61e000 	C:\Windows\system32\LPK.dll
0x000007fefe800000 - 0x000007fefe8cb000 	C:\Windows\system32\USP10.dll
0x000007fefb5f0000 - 0x000007fefb7e4000 	C:\Windows\WinSxS\amd64_microsoft.windows.common-controls_6595b64144ccf1df_6.0.7601.18837_none_fa3b1e3d17594757\COMCTL32.dll
0x000007fefec30000 - 0x000007fefeca1000 	C:\Windows\system32\SHLWAPI.dll
0x000007fefd020000 - 0x000007fefd04e000 	C:\Windows\system32\IMM32.DLL
0x000007fefe6f0000 - 0x000007fefe7f9000 	C:\Windows\system32\MSCTF.dll
0x000007fefcb20000 - 0x000007fefcb50000 	C:\Windows\system32\nvinitx.dll
0x000007fefcb10000 - 0x000007fefcb1c000 	C:\Windows\system32\VERSION.dll
0x0000000071a70000 - 0x0000000071a76000 	C:\Program Files\NVIDIA Corporation\CoProcManager\detoured.dll
0x000007fef9000000 - 0x000007fef9038000 	C:\Program Files\NVIDIA Corporation\CoProcManager\nvd3d9wrapx.dll
0x000007fefd180000 - 0x000007fefd357000 	C:\Windows\system32\SETUPAPI.dll
0x000007fefcfc0000 - 0x000007fefcff6000 	C:\Windows\system32\CFGMGR32.dll
0x000007fefe8d0000 - 0x000007fefe9a7000 	C:\Windows\system32\OLEAUT32.dll
0x000007fefd400000 - 0x000007fefd603000 	C:\Windows\system32\ole32.dll
0x000007fefcec0000 - 0x000007fefceda000 	C:\Windows\system32\DEVOBJ.dll
0x000007fefbab0000 - 0x000007fefbad4000 	C:\Program Files\NVIDIA Corporation\CoProcManager\nvdxgiwrapx.dll
0x000000005e9a0000 - 0x000000005ea71000 	E:\Program Files\Java\jdk1.8.0_102\jre\bin\msvcr100.dll
0x0000000066000000 - 0x000000006689a000 	E:\Program Files\Java\jdk1.8.0_102\jre\bin\server\jvm.dll
0x000007feefb20000 - 0x000007feefb29000 	C:\Windows\system32\WSOCK32.dll
0x000007fefecd0000 - 0x000007fefed1d000 	C:\Windows\system32\WS2_32.dll
0x000007fefedb0000 - 0x000007fefedb8000 	C:\Windows\system32\NSI.dll
0x000007fefcda0000 - 0x000007fefcddb000 	C:\Windows\system32\WINMM.dll
0x0000000077190000 - 0x0000000077197000 	C:\Windows\system32\PSAPI.DLL
0x0000000066d50000 - 0x0000000066d5f000 	E:\Program Files\Java\jdk1.8.0_102\jre\bin\verify.dll
0x0000000066d20000 - 0x0000000066d49000 	E:\Program Files\Java\jdk1.8.0_102\jre\bin\java.dll
0x0000000061250000 - 0x0000000061285000 	E:\Program Files\Java\jdk1.8.0_102\jre\bin\jdwp.dll
0x0000000061f70000 - 0x0000000061f78000 	E:\Program Files\Java\jdk1.8.0_102\jre\bin\npt.dll
0x0000000066c30000 - 0x0000000066c53000 	E:\Program Files\Java\jdk1.8.0_102\jre\bin\instrument.dll
0x0000000066c10000 - 0x0000000066c26000 	E:\Program Files\Java\jdk1.8.0_102\jre\bin\zip.dll
0x000007fefd720000 - 0x000007fefe4ab000 	C:\Windows\system32\SHELL32.dll
0x000007fefcb50000 - 0x000007fefcb5f000 	C:\Windows\system32\profapi.dll
0x0000000061d30000 - 0x0000000061d39000 	E:\Program Files\Java\jdk1.8.0_102\jre\bin\dt_socket.dll
0x000007fefade0000 - 0x000007fefadf5000 	C:\Windows\system32\NLAapi.dll
0x000007fef96c0000 - 0x000007fef96d5000 	C:\Windows\system32\napinsp.dll
0x000007fef94f0000 - 0x000007fef9509000 	C:\Windows\system32\pnrpnsp.dll
0x000007fefc340000 - 0x000007fefc395000 	C:\Windows\System32\mswsock.dll
0x000007fefc1c0000 - 0x000007fefc21b000 	C:\Windows\system32\DNSAPI.dll
0x000007fef94c0000 - 0x000007fef94cb000 	C:\Windows\System32\winrnr.dll
0x000007fef94a0000 - 0x000007fef94b0000 	C:\Windows\system32\wshbth.dll
0x000007fefab50000 - 0x000007fefab77000 	C:\Windows\system32\IPHLPAPI.DLL
0x000007fefab20000 - 0x000007fefab2b000 	C:\Windows\system32\WINNSI.DLL
0x000007fefaa10000 - 0x000007fefaa63000 	C:\Windows\System32\fwpuclnt.dll
0x000007fef9490000 - 0x000007fef9498000 	C:\Windows\system32\rasadhlp.dll
0x000007fefbd40000 - 0x000007fefbd47000 	C:\Windows\System32\wshtcpip.dll
0x0000000065190000 - 0x00000000651aa000 	E:\Program Files\Java\jdk1.8.0_102\jre\bin\net.dll
0x000007fefc330000 - 0x000007fefc337000 	C:\Windows\System32\wship6.dll
0x000000006b940000 - 0x000000006b94d000 	E:\Program Files\Java\jdk1.8.0_102\jre\bin\management.dll
0x0000000064a90000 - 0x0000000064aa1000 	E:\Program Files\Java\jdk1.8.0_102\jre\bin\nio.dll
0x000007fefc3a0000 - 0x000007fefc3b7000 	C:\Windows\system32\CRYPTSP.dll
0x000007fefc0a0000 - 0x000007fefc0e7000 	C:\Windows\system32\rsaenh.dll
0x000007fefbe50000 - 0x000007fefbe6e000 	C:\Windows\system32\USERENV.dll
0x000007fefca00000 - 0x000007fefca0f000 	C:\Windows\system32\CRYPTBASE.dll
0x000007fefa940000 - 0x000007fefa958000 	C:\Windows\system32\dhcpcsvc.DLL
0x000007fefa920000 - 0x000007fefa931000 	C:\Windows\system32\dhcpcsvc6.DLL
0x000007fef85b0000 - 0x000007fef86d5000 	C:\Windows\system32\dbghelp.dll

VM Arguments:
jvm_args: -agentlib:jdwp=transport=dt_socket,suspend=y,address=localhost:62021 -javaagent:F:\常用工具\spring-tool-suite-4-4.0.0.M10-e4.8.0-win32.win32.x86_64\sts-4.0.0.M10\configuration\org.eclipse.osgi\226\0\.cp\lib\javaagent-shaded.jar -Dfile.encoding=UTF-8 
java_command: com.example.SpringCloudHystrixApplication
java_class_path (initial): E:\Program Files\Java\jdk1.8.0_102\jre\lib\resources.jar;E:\Program Files\Java\jdk1.8.0_102\jre\lib\rt.jar;E:\Program Files\Java\jdk1.8.0_102\jre\lib\jsse.jar;E:\Program Files\Java\jdk1.8.0_102\jre\lib\jce.jar;E:\Program Files\Java\jdk1.8.0_102\jre\lib\charsets.jar;E:\Program Files\Java\jdk1.8.0_102\jre\lib\jfr.jar;E:\Program Files\Java\jdk1.8.0_102\jre\lib\ext\access-bridge-64.jar;E:\Program Files\Java\jdk1.8.0_102\jre\lib\ext\cldrdata.jar;E:\Program Files\Java\jdk1.8.0_102\jre\lib\ext\dnsns.jar;E:\Program Files\Java\jdk1.8.0_102\jre\lib\ext\jaccess.jar;E:\Program Files\Java\jdk1.8.0_102\jre\lib\ext\jfxrt.jar;E:\Program Files\Java\jdk1.8.0_102\jre\lib\ext\localedata.jar;E:\Program Files\Java\jdk1.8.0_102\jre\lib\ext\nashorn.jar;E:\Program Files\Java\jdk1.8.0_102\jre\lib\ext\sunec.jar;E:\Program Files\Java\jdk1.8.0_102\jre\lib\ext\sunjce_provider.jar;E:\Program Files\Java\jdk1.8.0_102\jre\lib\ext\sunmscapi.jar;E:\Program Files\Java\jdk1.8.0_102\jre\lib\ext\sunpkcs11.jar;E:\Program Files\Java\jdk1.8.0_102\jre\lib\ext\zipfs.jar;F:\SC\springCloudHystrix\target\classes;C:\Users\Administrator\.m2\repository\org\springframework\boot\spring-boot-starter-web\2.0.4.RELEASE\spring-boot-starter-web-2.0.4.RELEASE.jar;C:\Users\Administrator\.m2\repository\org\springframework\boot\spring-boot-starter\2.0.4.RELEASE\spring-boot-starter-2.0.4.RELEASE.jar;C:\Users\Administrator\.m2\repository\org\springframework\boot\spring-boot\2.0.4.RELEASE\spring-boot-2.0.4.RELEASE.jar;C:\Users\Administrator\.m2\repository\org\springframework\boot\spring-boot-autoconfigure\2.0.4.RELEASE\spring-boot-autoconfigure-2.0.4.RELEASE.jar;C:\Users\Administrator\.m2\repository\org\springframework\boot\spring-boot-starter-logging\2.0.4.RELEASE\spring-boot-starter-logging-2.0.4.RELEASE.jar;C:\Users\Administrator\.m2\repository\ch\qos\logback\logback-classic\1.2.3\logback-classic-1.2.3.jar;C:\Users\Administrator\.m2\repository\ch\qos\logback\logback-core\1.2.3\logback-core-1.2.3.ja
Launcher Type: SUN_STANDARD

Environment Variables:
JAVA_HOME=E:\Program Files\Java\jdk1.8.0_102
CLASSPATH=E:\Program Files\Java\jdk1.8.0_102\lib;E:\Program Files\apache-cxf-3.1.8\lib
PATH=E:\Program Files\Java\jdk1.8.0_102\jre\bin;E:/Program Files/Java/jdk1.8.0_102/bin/../jre/bin/server;E:/Program Files/Java/jdk1.8.0_102/bin/../jre/bin;E:/Program Files/Java/jdk1.8.0_102/bin/../jre/lib/amd64;D:\workToos\erlang\erl10.0.1\bin;D:\workToos\RabbitMQ\rabbitmq_server-3.7.7\sbin;D:\workToos\gradle\gradle-4.9\bin;E:\Program Files\Java\jdk1.8.0_102\bin;D:\workToos\springboot\cli\spring-boot-cli-1.5.4.RELEASE-bin\spring-1.5.4.RELEASE\bin;e:\app\Administrator\product\11.2.0\dbhome_1\bin;C:\ProgramData\Oracle\Java\javapath;C:\Windows\system32;C:\Windows;C:\Windows\System32\Wbem;C:\Windows\System32\WindowsPowerShell\v1.0\;D:\workToos\maven\apache-maven-3.2.3-bin\apache-maven-3.2.3\bin;E:\Program Files\apache-cxf-3.1.8\bin;E:\Program Files\TortoiseSVN\bin;E:\Program Files\MySQL\MySQL Utilities 1.3.5\;E:\Program Files\nodejs\;e:\Program Files\Git\cmd;E:\Program Files\TortoiseGit\bin;C:\Users\Administrator\AppData\Roaming\npm;F:\常用工具\spring-tool-suite-4-4.0.0.M10-e4.8.0-win32.win32.x86_64\sts-4.0.0.M10;
USERNAME=Administrator
OS=Windows_NT
PROCESSOR_IDENTIFIER=Intel64 Family 6 Model 60 Stepping 3, GenuineIntel



---------------  S Y S T E M  ---------------

OS: Windows 7 , 64 bit Build 7601 (6.1.7601.23807)

CPU:total 4 (2 cores per cpu, 2 threads per core) family 6 model 60 stepping 3, cmov, cx8, fxsr, mmx, sse, sse2, sse3, ssse3, sse4.1, sse4.2, popcnt, avx, avx2, aes, clmul, erms, lzcnt, ht, tsc, tscinvbit, bmi1, bmi2

Memory: 4k page, physical 12464256k(6429028k free), swap 24926652k(17667584k free)

vm_info: Java HotSpot(TM) 64-Bit Server VM (25.102-b14) for windows-amd64 JRE (1.8.0_102-b14), built on Jun 22 2016 13:15:21 by "java_re" with MS VC++ 10.0 (VS2010)

time: Tue Oct 09 10:07:58 2018
elapsed time: 30 seconds (0d 0h 0m 30s)

